  Determining projects to restore...
  All projects are up-to-date for restore.
C:\Users\Chris\source\repos\ChatApp\ChatApp\Components\Temp.razor(4,1): warning RZ10012: Found markup element with unexpected name 'FluentSystemEmoji'. If this is intended to be a component, add a @using directive for its namespace. [C:\Users\Chris\source\repos\ChatApp\ChatApp\ChatApp.csproj]
C:\Users\Chris\source\repos\ChatApp\ChatApp\Components\Temp.razor(3,29): error CS0426: The type name 'Emojis' does not exist in the type 'Emoji' [C:\Users\Chris\source\repos\ChatApp\ChatApp\ChatApp.csproj]
C:\Users\Chris\source\repos\ChatApp\ChatApp\Components\Temp.razor(4,35): error CS0117: 'Emoji' does not contain a definition for 'Emojis' [C:\Users\Chris\source\repos\ChatApp\ChatApp\ChatApp.csproj]
C:\Users\Chris\source\repos\ChatApp\ChatApp\Components\Pages\Chat.razor(357,28): warning CS8601: Possible null reference assignment. [C:\Users\Chris\source\repos\ChatApp\ChatApp\ChatApp.csproj]

Build FAILED.

C:\Users\Chris\source\repos\ChatApp\ChatApp\Components\Temp.razor(4,1): warning RZ10012: Found markup element with unexpected name 'FluentSystemEmoji'. If this is intended to be a component, add a @using directive for its namespace. [C:\Users\Chris\source\repos\ChatApp\ChatApp\ChatApp.csproj]
C:\Users\Chris\source\repos\ChatApp\ChatApp\Components\Pages\Chat.razor(357,28): warning CS8601: Possible null reference assignment. [C:\Users\Chris\source\repos\ChatApp\ChatApp\ChatApp.csproj]
C:\Users\Chris\source\repos\ChatApp\ChatApp\Components\Temp.razor(3,29): error CS0426: The type name 'Emojis' does not exist in the type 'Emoji' [C:\Users\Chris\source\repos\ChatApp\ChatApp\ChatApp.csproj]
C:\Users\Chris\source\repos\ChatApp\ChatApp\Components\Temp.razor(4,35): error CS0117: 'Emoji' does not contain a definition for 'Emojis' [C:\Users\Chris\source\repos\ChatApp\ChatApp\ChatApp.csproj]
    2 Warning(s)
    2 Error(s)

Time Elapsed 00:00:03.48
